<?xml version="1.0" encoding="UTF-8"?>
<testng-results ignored="0" total="1" passed="1" failed="0" skipped="0">
  <reporter-output>
  </reporter-output>
  <suite started-at="2022-01-22T16:40:17 IST" name="Default suite" finished-at="2022-01-22T16:40:34 IST" duration-ms="16646">
    <groups>
    </groups>
    <test started-at="2022-01-22T16:40:17 IST" name="Default test" finished-at="2022-01-22T16:40:34 IST" duration-ms="16646">
      <class name="practiceForTestNG.SampleTestforScreenShot">
        <test-method is-config="true" signature="configBS()[pri:0, instance:practiceForTestNG.SampleTestforScreenShot@3d6f0054]" started-at="2022-01-22T16:40:17 IST" name="configBS" finished-at="2022-01-22T16:40:17 IST" duration-ms="12" status="PASS">
          <reporter-output>
          </reporter-output>
        </test-method> <!-- configBS -->
        <test-method is-config="true" signature="configBC()[pri:0, instance:practiceForTestNG.SampleTestforScreenShot@3d6f0054]" started-at="2022-01-22T16:40:17 IST" name="configBC" finished-at="2022-01-22T16:40:20 IST" duration-ms="3018" status="PASS">
          <reporter-output>
          </reporter-output>
        </test-method> <!-- configBC -->
        <test-method is-config="true" signature="configBM()[pri:0, instance:practiceForTestNG.SampleTestforScreenShot@3d6f0054]" started-at="2022-01-22T16:40:20 IST" name="configBM" finished-at="2022-01-22T16:40:27 IST" duration-ms="7297" status="PASS">
          <reporter-output>
          </reporter-output>
        </test-method> <!-- configBM -->
        <test-method signature="verifyHomePage(java.lang.reflect.Method)[pri:0, instance:practiceForTestNG.SampleTestforScreenShot@3d6f0054]" started-at="2022-01-22T16:40:27 IST" name="verifyHomePage" finished-at="2022-01-22T16:40:28 IST" duration-ms="524" status="PASS">
          <params>
            <param index="0">
              <value>
                <![CDATA[public void practiceForTestNG.SampleTestforScreenShot.verifyHomePage(java.lang.reflect.Method) throws java.io.IOException]]>
              </value>
            </param>
          </params>
          <reporter-output>
          </reporter-output>
        </test-method> <!-- verifyHomePage -->
        <test-method is-config="true" signature="configAM()[pri:0, instance:practiceForTestNG.SampleTestforScreenShot@3d6f0054]" started-at="2022-01-22T16:40:28 IST" name="configAM" finished-at="2022-01-22T16:40:33 IST" duration-ms="5001" status="PASS">
          <reporter-output>
          </reporter-output>
        </test-method> <!-- configAM -->
        <test-method is-config="true" signature="configAC()[pri:0, instance:practiceForTestNG.SampleTestforScreenShot@3d6f0054]" started-at="2022-01-22T16:40:33 IST" name="configAC" finished-at="2022-01-22T16:40:34 IST" duration-ms="745" status="PASS">
          <reporter-output>
          </reporter-output>
        </test-method> <!-- configAC -->
        <test-method is-config="true" signature="configAS()[pri:0, instance:practiceForTestNG.SampleTestforScreenShot@3d6f0054]" started-at="2022-01-22T16:40:34 IST" name="configAS" finished-at="2022-01-22T16:40:34 IST" duration-ms="0" status="PASS">
          <reporter-output>
          </reporter-output>
        </test-method> <!-- configAS -->
      </class> <!-- practiceForTestNG.SampleTestforScreenShot -->
    </test> <!-- Default test -->
  </suite> <!-- Default suite -->
</testng-results>
